Performing C SOURCE FILE Test CMAKE_HAVE_LIBC_PTHREAD failed with the following output:
Change Dir: /home/julia/catkin_ws/build/dvs_msgs/CMakeFiles/CMakeTmp

Run Build Command(s):/usr/bin/make cmTC_3fb35/fast && /usr/bin/make -f CMakeFiles/cmTC_3fb35.dir/build.make CMakeFiles/cmTC_3fb35.dir/build
make[1]: Entering directory '/home/julia/catkin_ws/build/dvs_msgs/CMakeFiles/CMakeTmp'
Building C object CMakeFiles/cmTC_3fb35.dir/src.c.o
/usr/bin/gcc-10   -DCMAKE_HAVE_LIBC_PTHREAD   -o CMakeFiles/cmTC_3fb35.dir/src.c.o   -c /home/julia/catkin_ws/build/dvs_msgs/CMakeFiles/CMakeTmp/src.c
Linking C executable cmTC_3fb35
/home/julia/cmake-3.17.0/bin/cmake -E cmake_link_script CMakeFiles/cmTC_3fb35.dir/link.txt --verbose=1
/usr/bin/gcc-10  -DCMAKE_HAVE_LIBC_PTHREAD    -rdynamic CMakeFiles/cmTC_3fb35.dir/src.c.o  -o cmTC_3fb35 
CMakeFiles/cmTC_3fb35.dir/src.c.o: In function `main':
src.c:(.text+0x3e): undefined reference to `pthread_create'
src.c:(.text+0x4a): undefined reference to `pthread_detach'
src.c:(.text+0x56): undefined reference to `pthread_cancel'
src.c:(.text+0x67): undefined reference to `pthread_join'
src.c:(.text+0x7b): undefined reference to `pthread_atfork'
collect2: error: ld returned 1 exit status
CMakeFiles/cmTC_3fb35.dir/build.make:103: recipe for target 'cmTC_3fb35' failed
make[1]: *** [cmTC_3fb35] Error 1
make[1]: Leaving directory '/home/julia/catkin_ws/build/dvs_msgs/CMakeFiles/CMakeTmp'
Makefile:138: recipe for target 'cmTC_3fb35/fast' failed
make: *** [cmTC_3fb35/fast] Error 2


Source file was:
#include <pthread.h>

void* test_func(void* data)
{
  return data;
}

int main(void)
{
  pthread_t thread;
  pthread_create(&thread, NULL, test_func, NULL);
  pthread_detach(thread);
  pthread_cancel(thread);
  pthread_join(thread, NULL);
  pthread_atfork(NULL, NULL, NULL);
  pthread_exit(NULL);

  return 0;
}

Determining if the function pthread_create exists in the pthreads failed with the following output:
Change Dir: /home/julia/catkin_ws/build/dvs_msgs/CMakeFiles/CMakeTmp

Run Build Command(s):/usr/bin/make cmTC_94612/fast && /usr/bin/make -f CMakeFiles/cmTC_94612.dir/build.make CMakeFiles/cmTC_94612.dir/build
make[1]: Entering directory '/home/julia/catkin_ws/build/dvs_msgs/CMakeFiles/CMakeTmp'
Building C object CMakeFiles/cmTC_94612.dir/CheckFunctionExists.c.o
/usr/bin/gcc-10   -DCHECK_FUNCTION_EXISTS=pthread_create   -o CMakeFiles/cmTC_94612.dir/CheckFunctionExists.c.o   -c /home/julia/cmake-3.17.0/Modules/CheckFunctionExists.c
Linking C executable cmTC_94612
/home/julia/cmake-3.17.0/bin/cmake -E cmake_link_script CMakeFiles/cmTC_94612.dir/link.txt --verbose=1
/usr/bin/gcc-10  -DCHECK_FUNCTION_EXISTS=pthread_create    -rdynamic CMakeFiles/cmTC_94612.dir/CheckFunctionExists.c.o  -o cmTC_94612  -lpthreads 
/usr/bin/ld: cannot find -lpthreads
collect2: error: ld returned 1 exit status
CMakeFiles/cmTC_94612.dir/build.make:103: recipe for target 'cmTC_94612' failed
make[1]: *** [cmTC_94612] Error 1
make[1]: Leaving directory '/home/julia/catkin_ws/build/dvs_msgs/CMakeFiles/CMakeTmp'
Makefile:138: recipe for target 'cmTC_94612/fast' failed
make: *** [cmTC_94612/fast] Error 2



