Symlinking /home/julia/catkin_ws/devel/include/dvs_msgs/Event.h
Symlinking /home/julia/catkin_ws/devel/include/dvs_msgs/EventArray.h
Symlinking /home/julia/catkin_ws/devel/share/dvs_msgs/cmake/dvs_msgsConfig.cmake
Symlinking /home/julia/catkin_ws/devel/share/dvs_msgs/cmake/dvs_msgs-msg-extras.cmake
Symlinking /home/julia/catkin_ws/devel/share/dvs_msgs/cmake/dvs_msgsConfig-version.cmake
Symlinking /home/julia/catkin_ws/devel/share/dvs_msgs/cmake/dvs_msgs-msg-paths.cmake
Symlinking /home/julia/catkin_ws/devel/share/roseus/ros/dvs_msgs/manifest.l
Symlinking /home/julia/catkin_ws/devel/share/roseus/ros/dvs_msgs/msg/Event.l
Symlinking /home/julia/catkin_ws/devel/share/roseus/ros/dvs_msgs/msg/EventArray.l
Symlinking /home/julia/catkin_ws/devel/share/common-lisp/ros/dvs_msgs/msg/dvs_msgs-msg.asd
Symlinking /home/julia/catkin_ws/devel/share/common-lisp/ros/dvs_msgs/msg/Event.lisp
Symlinking /home/julia/catkin_ws/devel/share/common-lisp/ros/dvs_msgs/msg/_package_Event.lisp
Symlinking /home/julia/catkin_ws/devel/share/common-lisp/ros/dvs_msgs/msg/_package_EventArray.lisp
Symlinking /home/julia/catkin_ws/devel/share/common-lisp/ros/dvs_msgs/msg/EventArray.lisp
Symlinking /home/julia/catkin_ws/devel/share/common-lisp/ros/dvs_msgs/msg/_package.lisp
Symlinking /home/julia/catkin_ws/devel/share/gennodejs/ros/dvs_msgs/_index.js
Symlinking /home/julia/catkin_ws/devel/share/gennodejs/ros/dvs_msgs/msg/_index.js
Symlinking /home/julia/catkin_ws/devel/share/gennodejs/ros/dvs_msgs/msg/EventArray.js
Symlinking /home/julia/catkin_ws/devel/share/gennodejs/ros/dvs_msgs/msg/Event.js
Symlinking /home/julia/catkin_ws/devel/lib/python2.7/dist-packages/dvs_msgs/__init__.py
Symlinking /home/julia/catkin_ws/devel/lib/python2.7/dist-packages/dvs_msgs/msg/_Event.py
Symlinking /home/julia/catkin_ws/devel/lib/python2.7/dist-packages/dvs_msgs/msg/__init__.py
Symlinking /home/julia/catkin_ws/devel/lib/python2.7/dist-packages/dvs_msgs/msg/_EventArray.py
Symlinking /home/julia/catkin_ws/devel/lib/pkgconfig/dvs_msgs.pc
