Linked: (/home/julia/catkin_ws/devel/.private/dvs_msgs/include/dvs_msgs/Event.h, /home/julia/catkin_ws/devel/include/dvs_msgs/Event.h)
Linked: (/home/julia/catkin_ws/devel/.private/dvs_msgs/include/dvs_msgs/EventArray.h, /home/julia/catkin_ws/devel/include/dvs_msgs/EventArray.h)
Linked: (/home/julia/catkin_ws/devel/.private/dvs_msgs/share/dvs_msgs/cmake/dvs_msgsConfig.cmake, /home/julia/catkin_ws/devel/share/dvs_msgs/cmake/dvs_msgsConfig.cmake)
Linked: (/home/julia/catkin_ws/devel/.private/dvs_msgs/share/dvs_msgs/cmake/dvs_msgs-msg-extras.cmake, /home/julia/catkin_ws/devel/share/dvs_msgs/cmake/dvs_msgs-msg-extras.cmake)
Linked: (/home/julia/catkin_ws/devel/.private/dvs_msgs/share/dvs_msgs/cmake/dvs_msgsConfig-version.cmake, /home/julia/catkin_ws/devel/share/dvs_msgs/cmake/dvs_msgsConfig-version.cmake)
Linked: (/home/julia/catkin_ws/devel/.private/dvs_msgs/share/dvs_msgs/cmake/dvs_msgs-msg-paths.cmake, /home/julia/catkin_ws/devel/share/dvs_msgs/cmake/dvs_msgs-msg-paths.cmake)
Linked: (/home/julia/catkin_ws/devel/.private/dvs_msgs/share/roseus/ros/dvs_msgs/manifest.l, /home/julia/catkin_ws/devel/share/roseus/ros/dvs_msgs/manifest.l)
Linked: (/home/julia/catkin_ws/devel/.private/dvs_msgs/share/roseus/ros/dvs_msgs/msg/Event.l, /home/julia/catkin_ws/devel/share/roseus/ros/dvs_msgs/msg/Event.l)
Linked: (/home/julia/catkin_ws/devel/.private/dvs_msgs/share/roseus/ros/dvs_msgs/msg/EventArray.l, /home/julia/catkin_ws/devel/share/roseus/ros/dvs_msgs/msg/EventArray.l)
Linked: (/home/julia/catkin_ws/devel/.private/dvs_msgs/share/common-lisp/ros/dvs_msgs/msg/dvs_msgs-msg.asd, /home/julia/catkin_ws/devel/share/common-lisp/ros/dvs_msgs/msg/dvs_msgs-msg.asd)
Linked: (/home/julia/catkin_ws/devel/.private/dvs_msgs/share/common-lisp/ros/dvs_msgs/msg/Event.lisp, /home/julia/catkin_ws/devel/share/common-lisp/ros/dvs_msgs/msg/Event.lisp)
Linked: (/home/julia/catkin_ws/devel/.private/dvs_msgs/share/common-lisp/ros/dvs_msgs/msg/_package_Event.lisp, /home/julia/catkin_ws/devel/share/common-lisp/ros/dvs_msgs/msg/_package_Event.lisp)
Linked: (/home/julia/catkin_ws/devel/.private/dvs_msgs/share/common-lisp/ros/dvs_msgs/msg/_package_EventArray.lisp, /home/julia/catkin_ws/devel/share/common-lisp/ros/dvs_msgs/msg/_package_EventArray.lisp)
Linked: (/home/julia/catkin_ws/devel/.private/dvs_msgs/share/common-lisp/ros/dvs_msgs/msg/EventArray.lisp, /home/julia/catkin_ws/devel/share/common-lisp/ros/dvs_msgs/msg/EventArray.lisp)
Linked: (/home/julia/catkin_ws/devel/.private/dvs_msgs/share/common-lisp/ros/dvs_msgs/msg/_package.lisp, /home/julia/catkin_ws/devel/share/common-lisp/ros/dvs_msgs/msg/_package.lisp)
Linked: (/home/julia/catkin_ws/devel/.private/dvs_msgs/share/gennodejs/ros/dvs_msgs/_index.js, /home/julia/catkin_ws/devel/share/gennodejs/ros/dvs_msgs/_index.js)
Linked: (/home/julia/catkin_ws/devel/.private/dvs_msgs/share/gennodejs/ros/dvs_msgs/msg/_index.js, /home/julia/catkin_ws/devel/share/gennodejs/ros/dvs_msgs/msg/_index.js)
Linked: (/home/julia/catkin_ws/devel/.private/dvs_msgs/share/gennodejs/ros/dvs_msgs/msg/EventArray.js, /home/julia/catkin_ws/devel/share/gennodejs/ros/dvs_msgs/msg/EventArray.js)
Linked: (/home/julia/catkin_ws/devel/.private/dvs_msgs/share/gennodejs/ros/dvs_msgs/msg/Event.js, /home/julia/catkin_ws/devel/share/gennodejs/ros/dvs_msgs/msg/Event.js)
Linked: (/home/julia/catkin_ws/devel/.private/dvs_msgs/lib/python2.7/dist-packages/dvs_msgs/__init__.py, /home/julia/catkin_ws/devel/lib/python2.7/dist-packages/dvs_msgs/__init__.py)
Linked: (/home/julia/catkin_ws/devel/.private/dvs_msgs/lib/python2.7/dist-packages/dvs_msgs/msg/_Event.py, /home/julia/catkin_ws/devel/lib/python2.7/dist-packages/dvs_msgs/msg/_Event.py)
Linked: (/home/julia/catkin_ws/devel/.private/dvs_msgs/lib/python2.7/dist-packages/dvs_msgs/msg/__init__.py, /home/julia/catkin_ws/devel/lib/python2.7/dist-packages/dvs_msgs/msg/__init__.py)
Linked: (/home/julia/catkin_ws/devel/.private/dvs_msgs/lib/python2.7/dist-packages/dvs_msgs/msg/_EventArray.py, /home/julia/catkin_ws/devel/lib/python2.7/dist-packages/dvs_msgs/msg/_EventArray.py)
Linked: (/home/julia/catkin_ws/devel/.private/dvs_msgs/lib/pkgconfig/dvs_msgs.pc, /home/julia/catkin_ws/devel/lib/pkgconfig/dvs_msgs.pc)
