Performing C SOURCE FILE Test CMAKE_HAVE_LIBC_PTHREAD failed with the following output:
Change Dir: /home/julia/catkin_ws/build/catkin_tools_prebuild/CMakeFiles/CMakeTmp

Run Build Command(s):/usr/bin/make -f Makefile cmTC_bc6ea/fast && /usr/bin/make  -f CMakeFiles/cmTC_bc6ea.dir/build.make CMakeFiles/cmTC_bc6ea.dir/build
make[1]: Entering directory '/home/julia/catkin_ws/build/catkin_tools_prebuild/CMakeFiles/CMakeTmp'
Building C object CMakeFiles/cmTC_bc6ea.dir/src.c.o
/usr/bin/gcc-10 -DCMAKE_HAVE_LIBC_PTHREAD   -o CMakeFiles/cmTC_bc6ea.dir/src.c.o -c /home/julia/catkin_ws/build/catkin_tools_prebuild/CMakeFiles/CMakeTmp/src.c
Linking C executable cmTC_bc6ea
/home/julia/cmake-3.23.5/bin/cmake -E cmake_link_script CMakeFiles/cmTC_bc6ea.dir/link.txt --verbose=1
/usr/bin/gcc-10 -rdynamic CMakeFiles/cmTC_bc6ea.dir/src.c.o -o cmTC_bc6ea 
CMakeFiles/cmTC_bc6ea.dir/src.c.o: In function `main':
src.c:(.text+0x3e): undefined reference to `pthread_create'
src.c:(.text+0x4a): undefined reference to `pthread_detach'
src.c:(.text+0x56): undefined reference to `pthread_cancel'
src.c:(.text+0x67): undefined reference to `pthread_join'
src.c:(.text+0x7b): undefined reference to `pthread_atfork'
collect2: error: ld returned 1 exit status
CMakeFiles/cmTC_bc6ea.dir/build.make:98: recipe for target 'cmTC_bc6ea' failed
make[1]: *** [cmTC_bc6ea] Error 1
make[1]: Leaving directory '/home/julia/catkin_ws/build/catkin_tools_prebuild/CMakeFiles/CMakeTmp'
Makefile:127: recipe for target 'cmTC_bc6ea/fast' failed
make: *** [cmTC_bc6ea/fast] Error 2


Source file was:
#include <pthread.h>

static void* test_func(void* data)
{
  return data;
}

int main(void)
{
  pthread_t thread;
  pthread_create(&thread, NULL, test_func, NULL);
  pthread_detach(thread);
  pthread_cancel(thread);
  pthread_join(thread, NULL);
  pthread_atfork(NULL, NULL, NULL);
  pthread_exit(NULL);

  return 0;
}

Determining if the function pthread_create exists in the pthreads failed with the following output:
Change Dir: /home/julia/catkin_ws/build/catkin_tools_prebuild/CMakeFiles/CMakeTmp

Run Build Command(s):/usr/bin/make -f Makefile cmTC_57642/fast && /usr/bin/make  -f CMakeFiles/cmTC_57642.dir/build.make CMakeFiles/cmTC_57642.dir/build
make[1]: Entering directory '/home/julia/catkin_ws/build/catkin_tools_prebuild/CMakeFiles/CMakeTmp'
Building C object CMakeFiles/cmTC_57642.dir/CheckFunctionExists.c.o
/usr/bin/gcc-10   -DCHECK_FUNCTION_EXISTS=pthread_create -o CMakeFiles/cmTC_57642.dir/CheckFunctionExists.c.o -c /home/julia/cmake-3.23.5/Modules/CheckFunctionExists.c
Linking C executable cmTC_57642
/home/julia/cmake-3.23.5/bin/cmake -E cmake_link_script CMakeFiles/cmTC_57642.dir/link.txt --verbose=1
/usr/bin/gcc-10  -DCHECK_FUNCTION_EXISTS=pthread_create -rdynamic CMakeFiles/cmTC_57642.dir/CheckFunctionExists.c.o -o cmTC_57642  -lpthreads 
/usr/bin/ld: cannot find -lpthreads
collect2: error: ld returned 1 exit status
CMakeFiles/cmTC_57642.dir/build.make:98: recipe for target 'cmTC_57642' failed
make[1]: *** [cmTC_57642] Error 1
make[1]: Leaving directory '/home/julia/catkin_ws/build/catkin_tools_prebuild/CMakeFiles/CMakeTmp'
Makefile:127: recipe for target 'cmTC_57642/fast' failed
make: *** [cmTC_57642/fast] Error 2



