Performing C SOURCE FILE Test CMAKE_HAVE_LIBC_PTHREAD failed with the following output:
Change Dir: /home/julia/catkin_ws/build/event_publisher/CMakeFiles/CMakeTmp

Run Build Command(s):/usr/bin/make -f Makefile cmTC_f8bad/fast && /usr/bin/make  -f CMakeFiles/cmTC_f8bad.dir/build.make CMakeFiles/cmTC_f8bad.dir/build
make[1]: Entering directory '/home/julia/catkin_ws/build/event_publisher/CMakeFiles/CMakeTmp'
Building C object CMakeFiles/cmTC_f8bad.dir/src.c.o
/usr/bin/gcc-10 -DCMAKE_HAVE_LIBC_PTHREAD   -o CMakeFiles/cmTC_f8bad.dir/src.c.o -c /home/julia/catkin_ws/build/event_publisher/CMakeFiles/CMakeTmp/src.c
Linking C executable cmTC_f8bad
/home/julia/cmake-3.23.5/bin/cmake -E cmake_link_script CMakeFiles/cmTC_f8bad.dir/link.txt --verbose=1
/usr/bin/gcc-10 -rdynamic CMakeFiles/cmTC_f8bad.dir/src.c.o -o cmTC_f8bad 
CMakeFiles/cmTC_f8bad.dir/src.c.o: In function `main':
src.c:(.text+0x3e): undefined reference to `pthread_create'
src.c:(.text+0x4a): undefined reference to `pthread_detach'
src.c:(.text+0x56): undefined reference to `pthread_cancel'
src.c:(.text+0x67): undefined reference to `pthread_join'
src.c:(.text+0x7b): undefined reference to `pthread_atfork'
collect2: error: ld returned 1 exit status
CMakeFiles/cmTC_f8bad.dir/build.make:98: recipe for target 'cmTC_f8bad' failed
make[1]: *** [cmTC_f8bad] Error 1
make[1]: Leaving directory '/home/julia/catkin_ws/build/event_publisher/CMakeFiles/CMakeTmp'
Makefile:127: recipe for target 'cmTC_f8bad/fast' failed
make: *** [cmTC_f8bad/fast] Error 2


Source file was:
#include <pthread.h>

static void* test_func(void* data)
{
  return data;
}

int main(void)
{
  pthread_t thread;
  pthread_create(&thread, NULL, test_func, NULL);
  pthread_detach(thread);
  pthread_cancel(thread);
  pthread_join(thread, NULL);
  pthread_atfork(NULL, NULL, NULL);
  pthread_exit(NULL);

  return 0;
}

Determining if the function pthread_create exists in the pthreads failed with the following output:
Change Dir: /home/julia/catkin_ws/build/event_publisher/CMakeFiles/CMakeTmp

Run Build Command(s):/usr/bin/make -f Makefile cmTC_71289/fast && /usr/bin/make  -f CMakeFiles/cmTC_71289.dir/build.make CMakeFiles/cmTC_71289.dir/build
make[1]: Entering directory '/home/julia/catkin_ws/build/event_publisher/CMakeFiles/CMakeTmp'
Building C object CMakeFiles/cmTC_71289.dir/CheckFunctionExists.c.o
/usr/bin/gcc-10   -DCHECK_FUNCTION_EXISTS=pthread_create -o CMakeFiles/cmTC_71289.dir/CheckFunctionExists.c.o -c /home/julia/cmake-3.23.5/Modules/CheckFunctionExists.c
Linking C executable cmTC_71289
/home/julia/cmake-3.23.5/bin/cmake -E cmake_link_script CMakeFiles/cmTC_71289.dir/link.txt --verbose=1
/usr/bin/gcc-10  -DCHECK_FUNCTION_EXISTS=pthread_create -rdynamic CMakeFiles/cmTC_71289.dir/CheckFunctionExists.c.o -o cmTC_71289  -lpthreads 
/usr/bin/ld: cannot find -lpthreads
collect2: error: ld returned 1 exit status
CMakeFiles/cmTC_71289.dir/build.make:98: recipe for target 'cmTC_71289' failed
make[1]: *** [cmTC_71289] Error 1
make[1]: Leaving directory '/home/julia/catkin_ws/build/event_publisher/CMakeFiles/CMakeTmp'
Makefile:127: recipe for target 'cmTC_71289/fast' failed
make: *** [cmTC_71289/fast] Error 2



