[35m[1mScanning dependencies of target dvs_msgs_generate_messages_py[0m
[35m[1mScanning dependencies of target geometry_msgs_generate_messages_eus[0m
[35m[1mScanning dependencies of target davis_ros_driver_gencfg[0m
[35m[1mScanning dependencies of target dynamic_reconfigure_generate_messages_nodejs[0m
[35m[1mScanning dependencies of target std_msgs_generate_messages_cpp[0m
[35m[1mScanning dependencies of target dvs_msgs_generate_messages_lisp[0m
[  0%] Built target geometry_msgs_generate_messages_eus
[ 14%] [34m[1mGenerating dynamic reconfigure files from cfg/DAVIS_ROS_Driver.cfg: /home/julia/catkin_ws/devel/.private/davis_ros_driver/include/davis_ros_driver/DAVIS_ROS_DriverConfig.h /home/julia/catkin_ws/devel/.private/davis_ros_driver/lib/python2.7/dist-packages/davis_ros_driver/cfg/DAVIS_ROS_DriverConfig.py[0m
[ 14%] Built target dynamic_reconfigure_generate_messages_nodejs
[ 14%] Built target dvs_msgs_generate_messages_py
[ 14%] Built target std_msgs_generate_messages_cpp
[ 14%] Built target dvs_msgs_generate_messages_lisp
[35m[1mScanning dependencies of target bond_generate_messages_eus[0m
[35m[1mScanning dependencies of target sensor_msgs_generate_messages_py[0m
[35m[1mScanning dependencies of target bond_generate_messages_cpp[0m
[35m[1mScanning dependencies of target geometry_msgs_generate_messages_py[0m
[ 14%] Built target bond_generate_messages_cpp
[ 14%] Built target bond_generate_messages_eus
[ 14%] Built target sensor_msgs_generate_messages_py
[35m[1mScanning dependencies of target geometry_msgs_generate_messages_cpp[0m
[ 14%] Built target geometry_msgs_generate_messages_py
[35m[1mScanning dependencies of target dynamic_reconfigure_generate_messages_cpp[0m
[35m[1mScanning dependencies of target geometry_msgs_generate_messages_lisp[0m
[ 14%] Built target geometry_msgs_generate_messages_cpp
[35m[1mScanning dependencies of target sensor_msgs_generate_messages_nodejs[0m
[35m[1mScanning dependencies of target roscpp_generate_messages_lisp[0m
[ 14%] Built target geometry_msgs_generate_messages_lisp
[ 14%] Built target dynamic_reconfigure_generate_messages_cpp
[35m[1mScanning dependencies of target dvs_msgs_generate_messages_nodejs[0m
[ 14%] Built target sensor_msgs_generate_messages_nodejs
[35m[1mScanning dependencies of target rosgraph_msgs_generate_messages_py[0m
[ 14%] Built target roscpp_generate_messages_lisp
[35m[1mScanning dependencies of target roscpp_generate_messages_cpp[0m
[35m[1mScanning dependencies of target roscpp_generate_messages_py[0m
[ 14%] Built target dvs_msgs_generate_messages_nodejs
[ 14%] Built target rosgraph_msgs_generate_messages_py
[ 14%] Built target roscpp_generate_messages_cpp
[35m[1mScanning dependencies of target rosgraph_msgs_generate_messages_eus[0m
[35m[1mScanning dependencies of target dvs_msgs_generate_messages_cpp[0m
[ 14%] Built target roscpp_generate_messages_py
[35m[1mScanning dependencies of target nodelet_generate_messages_py[0m
[35m[1mScanning dependencies of target roscpp_generate_messages_eus[0m
[ 14%] Built target dvs_msgs_generate_messages_cpp
[ 14%] Built target rosgraph_msgs_generate_messages_eus
[35m[1mScanning dependencies of target rosgraph_msgs_generate_messages_nodejs[0m
[ 14%] Built target roscpp_generate_messages_eus
[ 14%] Built target nodelet_generate_messages_py
[35m[1mScanning dependencies of target rosgraph_msgs_generate_messages_lisp[0m
[35m[1mScanning dependencies of target std_msgs_generate_messages_nodejs[0m
[ 14%] Built target rosgraph_msgs_generate_messages_nodejs
[35m[1mScanning dependencies of target nodelet_generate_messages_lisp[0m
[ 14%] Built target std_msgs_generate_messages_nodejs
[ 14%] Built target rosgraph_msgs_generate_messages_lisp
[35m[1mScanning dependencies of target dvs_msgs_generate_messages_eus[0m
[35m[1mScanning dependencies of target std_msgs_generate_messages_lisp[0m
[ 14%] Built target nodelet_generate_messages_lisp
Generating reconfiguration files for DAVIS_ROS_Driver in davis_ros_driver
[35m[1mScanning dependencies of target dynamic_reconfigure_generate_messages_py[0m
[35m[1mScanning dependencies of target sensor_msgs_generate_messages_cpp[0m
[ 14%] Built target dvs_msgs_generate_messages_eus
[ 14%] Built target std_msgs_generate_messages_lisp
[ 14%] Built target sensor_msgs_generate_messages_cpp
[ 14%] Built target dynamic_reconfigure_generate_messages_py
[35m[1mScanning dependencies of target std_msgs_generate_messages_py[0m
[35m[1mScanning dependencies of target roscpp_generate_messages_nodejs[0m
[35m[1mScanning dependencies of target std_msgs_generate_messages_eus[0m
[35m[1mScanning dependencies of target sensor_msgs_generate_messages_eus[0m
[ 14%] Built target std_msgs_generate_messages_py
[ 14%] Built target roscpp_generate_messages_nodejs
[35m[1mScanning dependencies of target rosgraph_msgs_generate_messages_cpp[0m
[ 14%] Built target std_msgs_generate_messages_eus
[ 14%] Built target sensor_msgs_generate_messages_eus
[35m[1mScanning dependencies of target sensor_msgs_generate_messages_lisp[0m
[ 14%] Built target rosgraph_msgs_generate_messages_cpp
[35m[1mScanning dependencies of target bond_generate_messages_lisp[0m
Wrote header file in /home/julia/catkin_ws/devel/.private/davis_ros_driver/include/davis_ros_driver/DAVIS_ROS_DriverConfig.h
[35m[1mScanning dependencies of target geometry_msgs_generate_messages_nodejs[0m
[35m[1mScanning dependencies of target dynamic_reconfigure_generate_messages_eus[0m
[ 14%] Built target sensor_msgs_generate_messages_lisp
[35m[1mScanning dependencies of target dynamic_reconfigure_gencfg[0m
[ 14%] Built target geometry_msgs_generate_messages_nodejs
[ 14%] Built target bond_generate_messages_lisp
[ 14%] Built target dynamic_reconfigure_generate_messages_eus
[35m[1mScanning dependencies of target nodelet_generate_messages_cpp[0m
[ 14%] Built target dynamic_reconfigure_gencfg
[35m[1mScanning dependencies of target dynamic_reconfigure_generate_messages_lisp[0m
[35m[1mScanning dependencies of target nodelet_generate_messages_eus[0m
[35m[1mScanning dependencies of target nodelet_generate_messages_nodejs[0m
[35m[1mScanning dependencies of target bond_generate_messages_nodejs[0m
[ 14%] Built target dynamic_reconfigure_generate_messages_lisp
[ 14%] Built target nodelet_generate_messages_nodejs
[ 14%] Built target nodelet_generate_messages_cpp
[ 14%] Built target nodelet_generate_messages_eus
[35m[1mScanning dependencies of target bond_generate_messages_py[0m
[ 14%] Built target bond_generate_messages_nodejs
[ 14%] Built target davis_ros_driver_gencfg
[ 14%] Built target bond_generate_messages_py
[35m[1mScanning dependencies of target davis_ros_driver_nodelet[0m
[35m[1mScanning dependencies of target davis_ros_driver[0m
[ 28%] [32mBuilding CXX object CMakeFiles/davis_ros_driver.dir/src/driver.cpp.o[0m
[ 42%] [32mBuilding CXX object CMakeFiles/davis_ros_driver.dir/src/driver_node.cpp.o[0m
[ 57%] [32mBuilding CXX object CMakeFiles/davis_ros_driver_nodelet.dir/src/driver_nodelet.cpp.o[0m
[ 71%] [32mBuilding CXX object CMakeFiles/davis_ros_driver_nodelet.dir/src/driver.cpp.o[0m
[ 85%] [32m[1mLinking CXX shared library /home/julia/catkin_ws/devel/.private/davis_ros_driver/lib/libdavis_ros_driver_nodelet.so[0m
[100%] [32m[1mLinking CXX executable /home/julia/catkin_ws/devel/.private/davis_ros_driver/lib/davis_ros_driver/davis_ros_driver[0m
[100%] Built target davis_ros_driver_nodelet
[100%] Built target davis_ros_driver
